The system is: Windows - 10.0.19042 - AMD64
Compiling the C compiler identification source file "CMakeCCompilerId.c" succeeded.
Compiler: C:/Program Files (x86)/Microsoft Visual Studio/2019/Community/VC/Tools/MSVC/14.28.29333/bin/Hostx86/x86/cl.exe 
Build flags: 
Id flags:  

The output was:
0
Microsoft (R) C/C++-Optimierungscompiler Version 19.28.29337 für x86
Copyright (C) Microsoft Corporation. Alle Rechte vorbehalten.

CMakeCCompilerId.c
Microsoft (R) Incremental Linker Version 14.28.29337.0
Copyright (C) Microsoft Corporation.  All rights reserved.

/out:CMakeCCompilerId.exe 
CMakeCCompilerId.obj 


Compilation of the C compiler identification source "CMakeCCompilerId.c" produced "CMakeCCompilerId.exe"

Compilation of the C compiler identification source "CMakeCCompilerId.c" produced "CMakeCCompilerId.obj"

The C compiler identification is MSVC, found in "C:/Users/tomfr/CLionProjects/Schiffeversenken/cmake-build-debug/CMakeFiles/3.17.5/CompilerIdC/CMakeCCompilerId.exe"

Determining if the C compiler works passed with the following output:
Change Dir: C:/Users/tomfr/CLionProjects/Schiffeversenken/cmake-build-debug/CMakeFiles/CMakeTmp

Run Build Command(s):nmake /nologo cmTC_18e44\fast && 	"C:\Program Files (x86)\Microsoft Visual Studio\2019\Community\VC\Tools\MSVC\14.28.29333\bin\HostX86\x86\nmake.exe"  -f CMakeFiles\cmTC_18e44.dir\build.make /nologo -L                  CMakeFiles\cmTC_18e44.dir\build
Building C object CMakeFiles/cmTC_18e44.dir/testCCompiler.c.obj
	C:\PROGRA~2\MICROS~2\2019\COMMUN~1\VC\Tools\MSVC\1428~1.293\bin\Hostx86\x86\cl.exe @C:\Users\tomfr\AppData\Local\Temp\nm499B.tmp
testCCompiler.c
Linking C executable cmTC_18e44.exe
	C:\Users\tomfr\AppData\Local\JetBrains\Toolbox\apps\CLion\ch-0\203.7148.70\bin\cmake\win\bin\cmake.exe -E vs_link_exe --intdir=CMakeFiles\cmTC_18e44.dir --rc=C:\PROGRA~2\WI3CF2~1\10\bin\100183~1.0\x86\rc.exe --mt=C:\PROGRA~2\WI3CF2~1\10\bin\100183~1.0\x86\mt.exe --manifests  -- C:\PROGRA~2\MICROS~2\2019\COMMUN~1\VC\Tools\MSVC\1428~1.293\bin\Hostx86\x86\link.exe /nologo @CMakeFiles\cmTC_18e44.dir\objects1.rsp @C:\Users\tomfr\AppData\Local\Temp\nm4AE4.tmp



Detecting C compiler ABI info compiled with the following output:
Change Dir: C:/Users/tomfr/CLionProjects/Schiffeversenken/cmake-build-debug/CMakeFiles/CMakeTmp

Run Build Command(s):nmake /nologo cmTC_d851e\fast && 	"C:\Program Files (x86)\Microsoft Visual Studio\2019\Community\VC\Tools\MSVC\14.28.29333\bin\HostX86\x86\nmake.exe"  -f CMakeFiles\cmTC_d851e.dir\build.make /nologo -L                  CMakeFiles\cmTC_d851e.dir\build
Building C object CMakeFiles/cmTC_d851e.dir/CMakeCCompilerABI.c.obj
	C:\PROGRA~2\MICROS~2\2019\COMMUN~1\VC\Tools\MSVC\1428~1.293\bin\Hostx86\x86\cl.exe @C:\Users\tomfr\AppData\Local\Temp\nm4D45.tmp
CMakeCCompilerABI.c
Linking C executable cmTC_d851e.exe
	C:\Users\tomfr\AppData\Local\JetBrains\Toolbox\apps\CLion\ch-0\203.7148.70\bin\cmake\win\bin\cmake.exe -E vs_link_exe --intdir=CMakeFiles\cmTC_d851e.dir --rc=C:\PROGRA~2\WI3CF2~1\10\bin\100183~1.0\x86\rc.exe --mt=C:\PROGRA~2\WI3CF2~1\10\bin\100183~1.0\x86\mt.exe --manifests  -- C:\PROGRA~2\MICROS~2\2019\COMMUN~1\VC\Tools\MSVC\1428~1.293\bin\Hostx86\x86\link.exe /nologo @CMakeFiles\cmTC_d851e.dir\objects1.rsp @C:\Users\tomfr\AppData\Local\Temp\nm4D94.tmp



